<?xml version="1.0" encoding="UTF-8"?>
<!-- Generated by org.testng.reporters.JUnitXMLReporter -->
<testsuite ignored="1" hostname="AarthiN" failures="0" tests="1" name="Error Validation Test" time="8.54" errors="0" timestamp="2024-05-04T22:01:44 IST">
  <testcase classname="mycourse.tests.ErrorValidationsTest" name="LoginErrorValidation" time="0.407"/>
  <testcase classname="mycourse.tests.ErrorValidationsTest" name="ProductErrorValidation" time="0.0">
    <ignored/>
  </testcase> <!-- ProductErrorValidation -->
</testsuite> <!-- Error Validation Test -->
