<?xml version="1.0" encoding="UTF-8"?>
<!-- Generated by org.testng.reporters.JUnitXMLReporter -->
<testsuite ignored="0" hostname="IIPLLAP0078" failures="0" tests="3" name="Default test" time="45.272" errors="0" timestamp="2024-03-12T21:45:08 IST">
  <testcase classname="mycourse.tests.SubmitOrderTest2" name="submitOrder" time="16.522"/>
  <testcase classname="mycourse.tests.SubmitOrderTest2" name="submitOrder" time="16.472"/>
  <testcase classname="mycourse.tests.SubmitOrderTest2" name="OrderHistoryTest" time="0.641"/>
</testsuite> <!-- Default test -->
