<?xml version="1.0" encoding="UTF-8"?>
<!-- Generated by org.testng.reporters.JUnitXMLReporter -->
<testsuite ignored="0" hostname="AarthiN" failures="0" tests="3" name="Error Validation Test" time="66.496" errors="0" timestamp="2024-04-02T20:48:22 IST">
  <testcase classname="mycourse.tests.ErrorValidationsTest" name="LoginErrorValidation" time="0.523"/>
  <testcase classname="mycourse.tests.ErrorValidationsTest" name="ProductErrorValidation" time="44.764">
    <skipped/>
  </testcase> <!-- ProductErrorValidation -->
  <testcase classname="mycourse.tests.ErrorValidationsTest" name="ProductErrorValidation" time="13.768"/>
</testsuite> <!-- Error Validation Test -->
