<?xml version="1.0" encoding="UTF-8"?>
<!-- Generated by org.testng.reporters.JUnitXMLReporter -->
<testsuite ignored="1" hostname="IIPLLAP0078" failures="0" tests="2" name="Submit Order Test2" time="51.321" errors="0" timestamp="2024-03-03T15:46:00 IST">
  <testcase classname="mycourse.tests.SubmitOrderTest2" name="submitOrder" time="18.14"/>
  <testcase classname="mycourse.tests.SubmitOrderTest2" name="submitOrder" time="17.173"/>
  <testcase classname="mycourse.tests.SubmitOrderTest2" name="OrderHistoryTest" time="0.0">
    <ignored/>
  </testcase> <!-- OrderHistoryTest -->
</testsuite> <!-- Submit Order Test2 -->
