<?xml version="1.0" encoding="UTF-8"?>
<!-- Generated by org.testng.reporters.JUnitXMLReporter -->
<testsuite ignored="0" hostname="AarthiN" failures="0" tests="3" name="Submit Order Test" time="38.799" errors="0" timestamp="2024-04-02T20:47:55 IST">
  <testcase classname="mycourse.tests.SubmitOrderTest2" name="submitOrder" time="6.125"/>
  <testcase classname="mycourse.tests.SubmitOrderTest2" name="submitOrder" time="16.698"/>
  <testcase classname="mycourse.tests.SubmitOrderTest2" name="OrderHistoryTest" time="0.777"/>
</testsuite> <!-- Submit Order Test -->
