<?xml version="1.0" encoding="UTF-8"?>
<!-- Generated by org.testng.reporters.JUnitXMLReporter -->
<testsuite ignored="0" hostname="AarthiN" failures="0" tests="3" name="Error Validation Test" time="82.521" errors="0" timestamp="2024-05-04T22:00:48 IST">
  <testcase classname="mycourse.tests.ErrorValidationsTest" name="LoginErrorValidation" time="0.449"/>
  <testcase classname="mycourse.tests.ErrorValidationsTest" name="ProductErrorValidation" time="44.533">
    <skipped/>
  </testcase> <!-- ProductErrorValidation -->
  <testcase classname="mycourse.tests.ErrorValidationsTest" name="ProductErrorValidation" time="13.475"/>
</testsuite> <!-- Error Validation Test -->
