<?xml version="1.0" encoding="UTF-8"?>
<!-- Generated by org.testng.reporters.JUnitXMLReporter -->
<testsuite ignored="0" hostname="AarthiN" failures="0" tests="3" name="Submit Order Test" time="60.451" errors="0" timestamp="2024-05-04T22:00:26 IST">
  <testcase classname="mycourse.tests.SubmitOrderTest2" name="submitOrder" time="17.415"/>
  <testcase classname="mycourse.tests.SubmitOrderTest2" name="submitOrder" time="16.994"/>
  <testcase classname="mycourse.tests.SubmitOrderTest2" name="OrderHistoryTest" time="0.686"/>
</testsuite> <!-- Submit Order Test -->
