<?xml version="1.0" encoding="UTF-8"?>
<testng-results retried="1" ignored="1" total="10" passed="8" failed="0" skipped="0">
  <reporter-output>
  </reporter-output>
  <suite started-at="2024-05-04T21:59:25 IST" name="Suite" finished-at="2024-05-04T22:00:48 IST" duration-ms="82521">
    <groups>
      <group name="ErrorHandling">
        <method signature="ErrorValidationsTest.LoginErrorValidation()[pri:0, instance:mycourse.tests.ErrorValidationsTest@28cda624]" name="LoginErrorValidation" class="mycourse.tests.ErrorValidationsTest"/>
      </group> <!-- ErrorHandling -->
      <group name="Purchase">
        <method signature="SubmitOrderTest2.submitOrder(java.util.HashMap)[pri:0, instance:mycourse.tests.SubmitOrderTest2@35841320]" name="submitOrder" class="mycourse.tests.SubmitOrderTest2"/>
      </group> <!-- Purchase -->
    </groups>
    <test started-at="2024-05-04T21:59:25 IST" name="Submit Order Test" finished-at="2024-05-04T22:00:26 IST" duration-ms="60451">
      <class name="mycourse.tests.SubmitOrderTest2">
        <test-method is-config="true" signature="launchApplication()[pri:0, instance:mycourse.tests.SubmitOrderTest2@35841320]" started-at="2024-05-04T21:59:25 IST" name="launchApplication" finished-at="2024-05-04T21:59:35 IST" duration-ms="9483" status="PASS">
          <reporter-output>
          </reporter-output>
        </test-method> <!-- launchApplication -->
        <test-method signature="submitOrder(java.util.HashMap)[pri:0, instance:mycourse.tests.SubmitOrderTest2@35841320]" started-at="2024-05-04T21:59:35 IST" name="submitOrder" data-provider="getData" finished-at="2024-05-04T21:59:52 IST" duration-ms="17415" status="PASS">
          <params>
            <param index="0">
              <value>
                <![CDATA[{password=P@ssw0rd, email=aarthin31@gmail.com, productName=ADIDAS ORIGINAL}]]>
              </value>
            </param>
          </params>
          <reporter-output>
          </reporter-output>
        </test-method> <!-- submitOrder -->
        <test-method is-config="true" signature="closeBrowser()[pri:0, instance:mycourse.tests.SubmitOrderTest2@35841320]" started-at="2024-05-04T21:59:52 IST" name="closeBrowser" finished-at="2024-05-04T21:59:54 IST" duration-ms="1497" status="PASS">
          <reporter-output>
          </reporter-output>
        </test-method> <!-- closeBrowser -->
        <test-method is-config="true" signature="launchApplication()[pri:0, instance:mycourse.tests.SubmitOrderTest2@35841320]" started-at="2024-05-04T21:59:54 IST" name="launchApplication" finished-at="2024-05-04T22:00:00 IST" duration-ms="6101" status="PASS">
          <reporter-output>
          </reporter-output>
        </test-method> <!-- launchApplication -->
        <test-method signature="submitOrder(java.util.HashMap)[pri:0, instance:mycourse.tests.SubmitOrderTest2@35841320]" started-at="2024-05-04T22:00:00 IST" name="submitOrder" data-provider="getData" finished-at="2024-05-04T22:00:17 IST" duration-ms="16994" status="PASS">
          <params>
            <param index="0">
              <value>
                <![CDATA[{password=Iamking@000, email=anshika@gmail.com, productName=ADIDAS ORIGINAL}]]>
              </value>
            </param>
          </params>
          <reporter-output>
          </reporter-output>
        </test-method> <!-- submitOrder -->
        <test-method is-config="true" signature="closeBrowser()[pri:0, instance:mycourse.tests.SubmitOrderTest2@35841320]" started-at="2024-05-04T22:00:17 IST" name="closeBrowser" finished-at="2024-05-04T22:00:18 IST" duration-ms="965" status="PASS">
          <reporter-output>
          </reporter-output>
        </test-method> <!-- closeBrowser -->
        <test-method is-config="true" signature="launchApplication()[pri:0, instance:mycourse.tests.SubmitOrderTest2@35841320]" started-at="2024-05-04T22:00:18 IST" name="launchApplication" finished-at="2024-05-04T22:00:24 IST" duration-ms="5975" status="PASS">
          <reporter-output>
          </reporter-output>
        </test-method> <!-- launchApplication -->
        <test-method signature="OrderHistoryTest()[pri:0, instance:mycourse.tests.SubmitOrderTest2@35841320]" started-at="2024-05-04T22:00:24 IST" name="OrderHistoryTest" finished-at="2024-05-04T22:00:25 IST" depends-on-methods="mycourse.tests.SubmitOrderTest2.submitOrder" duration-ms="686" status="PASS">
          <reporter-output>
          </reporter-output>
        </test-method> <!-- OrderHistoryTest -->
        <test-method is-config="true" signature="closeBrowser()[pri:0, instance:mycourse.tests.SubmitOrderTest2@35841320]" started-at="2024-05-04T22:00:25 IST" name="closeBrowser" finished-at="2024-05-04T22:00:26 IST" duration-ms="1008" status="PASS">
          <reporter-output>
          </reporter-output>
        </test-method> <!-- closeBrowser -->
      </class> <!-- mycourse.tests.SubmitOrderTest2 -->
    </test> <!-- Submit Order Test -->
    <test started-at="2024-05-04T21:59:25 IST" name="Error Validation Test" finished-at="2024-05-04T22:00:48 IST" duration-ms="82521">
      <class name="mycourse.tests.ErrorValidationsTest">
        <test-method is-config="true" signature="launchApplication()[pri:0, instance:mycourse.tests.ErrorValidationsTest@28cda624]" started-at="2024-05-04T21:59:25 IST" name="launchApplication" finished-at="2024-05-04T21:59:35 IST" duration-ms="9975" status="PASS">
          <reporter-output>
          </reporter-output>
        </test-method> <!-- launchApplication -->
        <test-method signature="LoginErrorValidation()[pri:0, instance:mycourse.tests.ErrorValidationsTest@28cda624]" started-at="2024-05-04T21:59:35 IST" name="LoginErrorValidation" finished-at="2024-05-04T21:59:36 IST" duration-ms="449" status="PASS">
          <reporter-output>
          </reporter-output>
        </test-method> <!-- LoginErrorValidation -->
        <test-method is-config="true" signature="closeBrowser()[pri:0, instance:mycourse.tests.ErrorValidationsTest@28cda624]" started-at="2024-05-04T21:59:36 IST" name="closeBrowser" finished-at="2024-05-04T21:59:36 IST" duration-ms="709" status="PASS">
          <reporter-output>
          </reporter-output>
        </test-method> <!-- closeBrowser -->
        <test-method is-config="true" signature="launchApplication()[pri:0, instance:mycourse.tests.ErrorValidationsTest@28cda624]" started-at="2024-05-04T21:59:36 IST" name="launchApplication" finished-at="2024-05-04T21:59:41 IST" duration-ms="4928" status="PASS">
          <reporter-output>
          </reporter-output>
        </test-method> <!-- launchApplication -->
        <test-method retried="true" signature="ProductErrorValidation()[pri:0, instance:mycourse.tests.ErrorValidationsTest@28cda624]" started-at="2024-05-04T21:59:41 IST" name="ProductErrorValidation" finished-at="2024-05-04T22:00:26 IST" duration-ms="44533" status="SKIP">
          <exception class="org.openqa.selenium.TimeoutException">
            <message>
              <![CDATA[Expected condition failed: waiting for visibility of element located by By.cssSelector: .cartSection h3 (tried for 30 second(s) with 500 milliseconds interval)
Build info: version: '4.16.1', revision: '9b4c83354e'
System info: os.name: 'Windows 11', os.arch: 'amd64', os.version: '10.0', java.version: '21.0.2'
Driver info: org.openqa.selenium.firefox.FirefoxDriver
Capabilities {acceptInsecureCerts: true, browserName: firefox, browserVersion: 125.0.3, moz:accessibilityChecks: false, moz:buildID: 20240425211020, moz:debuggerAddress: 127.0.0.1:8274, moz:geckodriverVersion: 0.34.0, moz:headless: false, moz:platformVersion: 10.0, moz:processID: 16196, moz:profile: C:\Users\aarth\AppData\Loca..., moz:shutdownTimeout: 60000, moz:webdriverClick: true, moz:windowless: false, pageLoadStrategy: normal, platformName: windows, proxy: Proxy(), se:cdp: ws://127.0.0.1:8274/devtool..., se:cdpVersion: 85.0, setWindowRect: true, strictFileInteractability: false, timeouts: {implicit: 0, pageLoad: 300000, script: 30000}, unhandledPromptBehavior: dismiss and notify, userAgent: Mozilla/5.0 (Windows NT 10....}
Session ID: f06f2ae5-1cb0-4517-be7a-5846d041267e]]>
            </message>
            <full-stacktrace>
              <![CDATA[org.openqa.selenium.TimeoutException: Expected condition failed: waiting for visibility of element located by By.cssSelector: .cartSection h3 (tried for 30 second(s) with 500 milliseconds interval)
Build info: version: '4.16.1', revision: '9b4c83354e'
System info: os.name: 'Windows 11', os.arch: 'amd64', os.version: '10.0', java.version: '21.0.2'
Driver info: org.openqa.selenium.firefox.FirefoxDriver
Capabilities {acceptInsecureCerts: true, browserName: firefox, browserVersion: 125.0.3, moz:accessibilityChecks: false, moz:buildID: 20240425211020, moz:debuggerAddress: 127.0.0.1:8274, moz:geckodriverVersion: 0.34.0, moz:headless: false, moz:platformVersion: 10.0, moz:processID: 16196, moz:profile: C:\Users\aarth\AppData\Loca..., moz:shutdownTimeout: 60000, moz:webdriverClick: true, moz:windowless: false, pageLoadStrategy: normal, platformName: windows, proxy: Proxy(), se:cdp: ws://127.0.0.1:8274/devtool..., se:cdpVersion: 85.0, setWindowRect: true, strictFileInteractability: false, timeouts: {implicit: 0, pageLoad: 300000, script: 30000}, unhandledPromptBehavior: dismiss and notify, userAgent: Mozilla/5.0 (Windows NT 10....}
Session ID: f06f2ae5-1cb0-4517-be7a-5846d041267e
at org.openqa.selenium.support.ui.WebDriverWait.timeoutException(WebDriverWait.java:84)
at org.openqa.selenium.support.ui.FluentWait.until(FluentWait.java:229)
at mycourse.AbstractComponents.AbstractComponents.waitForElementToAppear(AbstractComponents.java:35)
at mycourse.pageObjmodel.CartPage.VerifyProductDisplay(CartPage.java:37)
at mycourse.tests.ErrorValidationsTest.ProductErrorValidation(ErrorValidationsTest.java:37)
at java.base/jdk.internal.reflect.DirectMethodHandleAccessor.invoke(DirectMethodHandleAccessor.java:103)
at java.base/java.lang.reflect.Method.invoke(Method.java:580)
at org.testng.internal.invokers.MethodInvocationHelper.invokeMethod(MethodInvocationHelper.java:139)
at org.testng.internal.invokers.TestInvoker.invokeMethod(TestInvoker.java:664)
at org.testng.internal.invokers.TestInvoker.invokeTestMethod(TestInvoker.java:228)
at org.testng.internal.invokers.MethodRunner.runInSequence(MethodRunner.java:63)
at org.testng.internal.invokers.TestInvoker$MethodInvocationAgent.invoke(TestInvoker.java:961)
at org.testng.internal.invokers.TestInvoker.invokeTestMethods(TestInvoker.java:201)
at org.testng.internal.invokers.TestMethodWorker.invokeTestMethods(TestMethodWorker.java:148)
at org.testng.internal.invokers.TestMethodWorker.run(TestMethodWorker.java:128)
at java.base/java.util.ArrayList.forEach(ArrayList.java:1596)
at org.testng.TestRunner.privateRun(TestRunner.java:819)
at org.testng.TestRunner.run(TestRunner.java:619)
at org.testng.SuiteRunner.runTest(SuiteRunner.java:443)
at org.testng.SuiteRunner$SuiteWorker.run(SuiteRunner.java:481)
at org.testng.internal.thread.ThreadUtil.lambda$execute$0(ThreadUtil.java:58)
at java.base/java.util.concurrent.FutureTask.run(FutureTask.java:317)
at java.base/java.util.concurrent.ThreadPoolExecutor.runWorker(ThreadPoolExecutor.java:1144)
at java.base/java.util.concurrent.ThreadPoolExecutor$Worker.run(ThreadPoolExecutor.java:642)
at java.base/java.lang.Thread.run(Thread.java:1583)
]]>
            </full-stacktrace>
          </exception> <!-- org.openqa.selenium.TimeoutException -->
          <reporter-output>
          </reporter-output>
        </test-method> <!-- ProductErrorValidation -->
        <test-method is-config="true" signature="closeBrowser()[pri:0, instance:mycourse.tests.ErrorValidationsTest@28cda624]" started-at="2024-05-04T22:00:26 IST" name="closeBrowser" finished-at="2024-05-04T22:00:27 IST" duration-ms="985" status="PASS">
          <reporter-output>
          </reporter-output>
        </test-method> <!-- closeBrowser -->
        <test-method is-config="true" signature="launchApplication()[pri:0, instance:mycourse.tests.ErrorValidationsTest@28cda624]" started-at="2024-05-04T22:00:27 IST" name="launchApplication" finished-at="2024-05-04T22:00:33 IST" duration-ms="6089" status="PASS">
          <reporter-output>
          </reporter-output>
        </test-method> <!-- launchApplication -->
        <test-method signature="ProductErrorValidation()[pri:0, instance:mycourse.tests.ErrorValidationsTest@28cda624]" started-at="2024-05-04T22:00:33 IST" name="ProductErrorValidation" finished-at="2024-05-04T22:00:46 IST" duration-ms="13475" status="PASS">
          <reporter-output>
          </reporter-output>
        </test-method> <!-- ProductErrorValidation -->
        <test-method is-config="true" signature="closeBrowser()[pri:0, instance:mycourse.tests.ErrorValidationsTest@28cda624]" started-at="2024-05-04T22:00:46 IST" name="closeBrowser" finished-at="2024-05-04T22:00:48 IST" duration-ms="1292" status="PASS">
          <reporter-output>
          </reporter-output>
        </test-method> <!-- closeBrowser -->
      </class> <!-- mycourse.tests.ErrorValidationsTest -->
    </test> <!-- Error Validation Test -->
  </suite> <!-- Suite -->
  <suite started-at="2024-05-04T22:01:36 IST" name="Suite (1)" finished-at="2024-05-04T22:01:44 IST" duration-ms="8540">
    <groups>
      <group name="ErrorHandling">
        <method signature="ErrorValidationsTest.LoginErrorValidation()[pri:0, instance:mycourse.tests.ErrorValidationsTest@626abbd0]" name="LoginErrorValidation" class="mycourse.tests.ErrorValidationsTest"/>
      </group> <!-- ErrorHandling -->
    </groups>
    <test started-at="2024-05-04T22:01:36 IST" name="Submit Order Test" finished-at="2024-05-04T22:01:36 IST" duration-ms="0">
    </test> <!-- Submit Order Test -->
    <test started-at="2024-05-04T22:01:36 IST" name="Error Validation Test" finished-at="2024-05-04T22:01:44 IST" duration-ms="8540">
      <class name="mycourse.tests.ErrorValidationsTest">
        <test-method is-config="true" signature="launchApplication()[pri:0, instance:mycourse.tests.ErrorValidationsTest@626abbd0]" started-at="2024-05-04T22:01:36 IST" name="launchApplication" finished-at="2024-05-04T22:01:43 IST" duration-ms="7129" status="PASS">
          <reporter-output>
          </reporter-output>
        </test-method> <!-- launchApplication -->
        <test-method signature="LoginErrorValidation()[pri:0, instance:mycourse.tests.ErrorValidationsTest@626abbd0]" started-at="2024-05-04T22:01:43 IST" name="LoginErrorValidation" finished-at="2024-05-04T22:01:43 IST" duration-ms="407" status="PASS">
          <reporter-output>
          </reporter-output>
        </test-method> <!-- LoginErrorValidation -->
        <test-method is-config="true" signature="closeBrowser()[pri:0, instance:mycourse.tests.ErrorValidationsTest@626abbd0]" started-at="2024-05-04T22:01:43 IST" name="closeBrowser" finished-at="2024-05-04T22:01:44 IST" duration-ms="1004" status="PASS">
          <reporter-output>
          </reporter-output>
        </test-method> <!-- closeBrowser -->
      </class> <!-- mycourse.tests.ErrorValidationsTest -->
    </test> <!-- Error Validation Test -->
  </suite> <!-- Suite (1) -->
  <suite started-at="2024-05-04T22:00:48 IST" name="Suite (0)" finished-at="2024-05-04T22:01:36 IST" duration-ms="47779">
    <groups>
      <group name="Purchase">
        <method signature="SubmitOrderTest2.submitOrder(java.util.HashMap)[pri:0, instance:mycourse.tests.SubmitOrderTest2@57db2b13]" name="submitOrder" class="mycourse.tests.SubmitOrderTest2"/>
      </group> <!-- Purchase -->
    </groups>
    <test started-at="2024-05-04T22:00:48 IST" name="Error Validation Test" finished-at="2024-05-04T22:00:48 IST" duration-ms="0">
    </test> <!-- Error Validation Test -->
    <test started-at="2024-05-04T22:00:48 IST" name="Submit Order Test2" finished-at="2024-05-04T22:01:36 IST" duration-ms="47779">
      <class name="mycourse.tests.SubmitOrderTest2">
        <test-method is-config="true" signature="launchApplication()[pri:0, instance:mycourse.tests.SubmitOrderTest2@57db2b13]" started-at="2024-05-04T22:00:48 IST" name="launchApplication" finished-at="2024-05-04T22:00:54 IST" duration-ms="5880" status="PASS">
          <reporter-output>
          </reporter-output>
        </test-method> <!-- launchApplication -->
        <test-method signature="submitOrder(java.util.HashMap)[pri:0, instance:mycourse.tests.SubmitOrderTest2@57db2b13]" started-at="2024-05-04T22:00:54 IST" name="submitOrder" data-provider="getData" finished-at="2024-05-04T22:01:10 IST" duration-ms="16812" status="PASS">
          <params>
            <param index="0">
              <value>
                <![CDATA[{password=P@ssw0rd, email=aarthin31@gmail.com, productName=ADIDAS ORIGINAL}]]>
              </value>
            </param>
          </params>
          <reporter-output>
          </reporter-output>
        </test-method> <!-- submitOrder -->
        <test-method is-config="true" signature="closeBrowser()[pri:0, instance:mycourse.tests.SubmitOrderTest2@57db2b13]" started-at="2024-05-04T22:01:10 IST" name="closeBrowser" finished-at="2024-05-04T22:01:11 IST" duration-ms="977" status="PASS">
          <reporter-output>
          </reporter-output>
        </test-method> <!-- closeBrowser -->
        <test-method is-config="true" signature="launchApplication()[pri:0, instance:mycourse.tests.SubmitOrderTest2@57db2b13]" started-at="2024-05-04T22:01:11 IST" name="launchApplication" finished-at="2024-05-04T22:01:17 IST" duration-ms="6009" status="PASS">
          <reporter-output>
          </reporter-output>
        </test-method> <!-- launchApplication -->
        <test-method signature="submitOrder(java.util.HashMap)[pri:0, instance:mycourse.tests.SubmitOrderTest2@57db2b13]" started-at="2024-05-04T22:01:17 IST" name="submitOrder" data-provider="getData" finished-at="2024-05-04T22:01:35 IST" duration-ms="17160" status="PASS">
          <params>
            <param index="0">
              <value>
                <![CDATA[{password=Iamking@000, email=anshika@gmail.com, productName=ADIDAS ORIGINAL}]]>
              </value>
            </param>
          </params>
          <reporter-output>
          </reporter-output>
        </test-method> <!-- submitOrder -->
        <test-method is-config="true" signature="closeBrowser()[pri:0, instance:mycourse.tests.SubmitOrderTest2@57db2b13]" started-at="2024-05-04T22:01:35 IST" name="closeBrowser" finished-at="2024-05-04T22:01:36 IST" duration-ms="938" status="PASS">
          <reporter-output>
          </reporter-output>
        </test-method> <!-- closeBrowser -->
      </class> <!-- mycourse.tests.SubmitOrderTest2 -->
    </test> <!-- Submit Order Test2 -->
  </suite> <!-- Suite (0) -->
</testng-results>
