<?xml version="1.0" encoding="UTF-8"?>
<testsuite xmlns:xsi="http://www.w3.org/2001/XMLSchema-instance" xsi:noNamespaceSchemaLocation="https://maven.apache.org/surefire/maven-surefire-plugin/xsd/surefire-test-report-3.0.xsd" version="3.0" name="TestSuite" time="139.856" tests="9" errors="0" skipped="1" failures="0">
  <properties>
[...]
</properties>
  <testcase name="LoginErrorValidation" classname="mycourse.tests.ErrorValidationsTest" time="0.455"/>
  <testcase name="LoginErrorValidation" classname="mycourse.tests.ErrorValidationsTest" time="0.406"/>
  <testcase name="ProductErrorValidation" classname="mycourse.tests.ErrorValidationsTest" time="0.0">
    <skipped message="Expected condition failed: waiting for visibility of element located by By.cssSelector: .cartSection h3 (tried for 30 second(s) with 500 milliseconds interval)&#10;Build info: version: &apos;4.16.1&apos;, revision: &apos;9b4c83354e&apos;&#10;System info: os.name: &apos;Windows 11&apos;, os.arch: &apos;amd64&apos;, os.version: &apos;10.0&apos;, java.version: &apos;21.0.2&apos;&#10;Driver info: org.openqa.selenium.firefox.FirefoxDriver&#10;Capabilities {acceptInsecureCerts: true, browserName: firefox, browserVersion: 125.0.3, moz:accessibilityChecks: false, moz:buildID: 20240425211020, moz:debuggerAddress: 127.0.0.1:8274, moz:geckodriverVersion: 0.34.0, moz:headless: false, moz:platformVersion: 10.0, moz:processID: 16196, moz:profile: C:\Users\aarth\AppData\Loca..., moz:shutdownTimeout: 60000, moz:webdriverClick: true, moz:windowless: false, pageLoadStrategy: normal, platformName: windows, proxy: Proxy(), se:cdp: ws://127.0.0.1:8274/devtool..., se:cdpVersion: 85.0, setWindowRect: true, strictFileInteractability: false, timeouts: {implicit: 0, pageLoad: 300000, script: 30000}, unhandledPromptBehavior: dismiss and notify, userAgent: Mozilla/5.0 (Windows NT 10....}&#10;Session ID: f06f2ae5-1cb0-4517-be7a-5846d041267e"/>
  </testcase>
  <testcase name="ProductErrorValidation" classname="mycourse.tests.ErrorValidationsTest" time="13.477"/>
  <testcase name="submitOrder[{password=P@ssw0rd, email=aarthin31@gmail.com, productName=ADIDAS ORIGINAL}](1)" classname="mycourse.tests.SubmitOrderTest2" time="11.095"/>
  <testcase name="submitOrder[{password=P@ssw0rd, email=aarthin31@gmail.com, productName=ADIDAS ORIGINAL}](1)" classname="mycourse.tests.SubmitOrderTest2" time="16.815"/>
  <testcase name="submitOrder[{password=Iamking@000, email=anshika@gmail.com, productName=ADIDAS ORIGINAL}](2)" classname="mycourse.tests.SubmitOrderTest2" time="16.996"/>
  <testcase name="submitOrder[{password=Iamking@000, email=anshika@gmail.com, productName=ADIDAS ORIGINAL}](2)" classname="mycourse.tests.SubmitOrderTest2" time="17.158"/>
  <testcase name="OrderHistoryTest" classname="mycourse.tests.SubmitOrderTest2" time="0.688"/>
</testsuite>