<?xml version="1.0" encoding="UTF-8"?>
<!-- Generated by org.testng.reporters.JUnitXMLReporter -->
<testsuite ignored="1" hostname="AarthiN" failures="0" tests="2" name="Submit Order Test2" time="47.779" errors="0" timestamp="2024-05-04T22:01:36 IST">
  <testcase classname="mycourse.tests.SubmitOrderTest2" name="submitOrder" time="16.812"/>
  <testcase classname="mycourse.tests.SubmitOrderTest2" name="submitOrder" time="17.16"/>
  <testcase classname="mycourse.tests.SubmitOrderTest2" name="OrderHistoryTest" time="0.0">
    <ignored/>
  </testcase> <!-- OrderHistoryTest -->
</testsuite> <!-- Submit Order Test2 -->
