<?xml version="1.0" encoding="UTF-8"?>
<testng-results retried="1" ignored="1" total="7" passed="5" failed="0" skipped="0">
  <reporter-output>
  </reporter-output>
  <suite started-at="2024-04-02T20:47:15 IST" name="Suite" finished-at="2024-04-02T20:48:22 IST" duration-ms="66496">
    <groups>
      <group name="ErrorHandling">
        <method signature="ErrorValidationsTest.LoginErrorValidation()[pri:0, instance:mycourse.tests.ErrorValidationsTest@4fad9bb2]" name="LoginErrorValidation" class="mycourse.tests.ErrorValidationsTest"/>
      </group> <!-- ErrorHandling -->
      <group name="Purchase">
        <method signature="SubmitOrderTest2.submitOrder(java.util.HashMap)[pri:0, instance:mycourse.tests.SubmitOrderTest2@52c3cb31]" name="submitOrder" class="mycourse.tests.SubmitOrderTest2"/>
      </group> <!-- Purchase -->
    </groups>
    <test started-at="2024-04-02T20:47:15 IST" name="Submit Order Test" finished-at="2024-04-02T20:47:54 IST" duration-ms="38799">
      <class name="mycourse.tests.SubmitOrderTest2">
        <test-method is-config="true" signature="launchApplication()[pri:0, instance:mycourse.tests.SubmitOrderTest2@52c3cb31]" started-at="2024-04-02T20:47:16 IST" name="launchApplication" finished-at="2024-04-02T20:47:21 IST" duration-ms="5718" status="PASS">
          <reporter-output>
          </reporter-output>
        </test-method> <!-- launchApplication -->
        <test-method signature="submitOrder(java.util.HashMap)[pri:0, instance:mycourse.tests.SubmitOrderTest2@52c3cb31]" started-at="2024-04-02T20:47:21 IST" name="submitOrder" data-provider="getData" finished-at="2024-04-02T20:47:27 IST" duration-ms="6125" status="PASS">
          <params>
            <param index="0">
              <value>
                <![CDATA[{password=P@ssw0rd, email=aarthin31@gmail.com, productName=ADIDAS ORIGINAL}]]>
              </value>
            </param>
          </params>
          <reporter-output>
          </reporter-output>
        </test-method> <!-- submitOrder -->
        <test-method is-config="true" signature="closeBrowser()[pri:0, instance:mycourse.tests.SubmitOrderTest2@52c3cb31]" started-at="2024-04-02T20:47:27 IST" name="closeBrowser" finished-at="2024-04-02T20:47:28 IST" duration-ms="138" status="PASS">
          <reporter-output>
          </reporter-output>
        </test-method> <!-- closeBrowser -->
        <test-method is-config="true" signature="launchApplication()[pri:0, instance:mycourse.tests.SubmitOrderTest2@52c3cb31]" started-at="2024-04-02T20:47:28 IST" name="launchApplication" finished-at="2024-04-02T20:47:29 IST" duration-ms="1572" status="PASS">
          <reporter-output>
          </reporter-output>
        </test-method> <!-- launchApplication -->
        <test-method signature="submitOrder(java.util.HashMap)[pri:0, instance:mycourse.tests.SubmitOrderTest2@52c3cb31]" started-at="2024-04-02T20:47:29 IST" name="submitOrder" data-provider="getData" finished-at="2024-04-02T20:47:46 IST" duration-ms="16698" status="PASS">
          <params>
            <param index="0">
              <value>
                <![CDATA[{password=Iamking@000, email=anshika@gmail.com, productName=ADIDAS ORIGINAL}]]>
              </value>
            </param>
          </params>
          <reporter-output>
          </reporter-output>
        </test-method> <!-- submitOrder -->
        <test-method is-config="true" signature="closeBrowser()[pri:0, instance:mycourse.tests.SubmitOrderTest2@52c3cb31]" started-at="2024-04-02T20:47:46 IST" name="closeBrowser" finished-at="2024-04-02T20:47:46 IST" duration-ms="139" status="PASS">
          <reporter-output>
          </reporter-output>
        </test-method> <!-- closeBrowser -->
        <test-method is-config="true" signature="launchApplication()[pri:0, instance:mycourse.tests.SubmitOrderTest2@52c3cb31]" started-at="2024-04-02T20:47:46 IST" name="launchApplication" finished-at="2024-04-02T20:47:53 IST" duration-ms="7179" status="PASS">
          <reporter-output>
          </reporter-output>
        </test-method> <!-- launchApplication -->
        <test-method signature="OrderHistoryTest()[pri:0, instance:mycourse.tests.SubmitOrderTest2@52c3cb31]" started-at="2024-04-02T20:47:53 IST" name="OrderHistoryTest" finished-at="2024-04-02T20:47:54 IST" depends-on-methods="mycourse.tests.SubmitOrderTest2.submitOrder" duration-ms="777" status="PASS">
          <reporter-output>
          </reporter-output>
        </test-method> <!-- OrderHistoryTest -->
        <test-method is-config="true" signature="closeBrowser()[pri:0, instance:mycourse.tests.SubmitOrderTest2@52c3cb31]" started-at="2024-04-02T20:47:54 IST" name="closeBrowser" finished-at="2024-04-02T20:47:54 IST" duration-ms="109" status="PASS">
          <reporter-output>
          </reporter-output>
        </test-method> <!-- closeBrowser -->
      </class> <!-- mycourse.tests.SubmitOrderTest2 -->
    </test> <!-- Submit Order Test -->
    <test started-at="2024-04-02T20:47:15 IST" name="Error Validation Test" finished-at="2024-04-02T20:48:22 IST" duration-ms="66496">
      <class name="mycourse.tests.ErrorValidationsTest">
        <test-method is-config="true" signature="launchApplication()[pri:0, instance:mycourse.tests.ErrorValidationsTest@4fad9bb2]" started-at="2024-04-02T20:47:15 IST" name="launchApplication" finished-at="2024-04-02T20:47:19 IST" duration-ms="3885" status="PASS">
          <reporter-output>
          </reporter-output>
        </test-method> <!-- launchApplication -->
        <test-method signature="LoginErrorValidation()[pri:0, instance:mycourse.tests.ErrorValidationsTest@4fad9bb2]" started-at="2024-04-02T20:47:19 IST" name="LoginErrorValidation" finished-at="2024-04-02T20:47:20 IST" duration-ms="523" status="PASS">
          <reporter-output>
          </reporter-output>
        </test-method> <!-- LoginErrorValidation -->
        <test-method is-config="true" signature="closeBrowser()[pri:0, instance:mycourse.tests.ErrorValidationsTest@4fad9bb2]" started-at="2024-04-02T20:47:20 IST" name="closeBrowser" finished-at="2024-04-02T20:47:20 IST" duration-ms="72" status="PASS">
          <reporter-output>
          </reporter-output>
        </test-method> <!-- closeBrowser -->
        <test-method is-config="true" signature="launchApplication()[pri:0, instance:mycourse.tests.ErrorValidationsTest@4fad9bb2]" started-at="2024-04-02T20:47:20 IST" name="launchApplication" finished-at="2024-04-02T20:47:21 IST" duration-ms="1466" status="PASS">
          <reporter-output>
          </reporter-output>
        </test-method> <!-- launchApplication -->
        <test-method retried="true" signature="ProductErrorValidation()[pri:0, instance:mycourse.tests.ErrorValidationsTest@4fad9bb2]" started-at="2024-04-02T20:47:21 IST" name="ProductErrorValidation" finished-at="2024-04-02T20:48:06 IST" duration-ms="44764" status="SKIP">
          <exception class="org.openqa.selenium.TimeoutException">
            <message>
              <![CDATA[Expected condition failed: waiting for visibility of element located by By.cssSelector: .cartSection h3 (tried for 30 second(s) with 500 milliseconds interval)
Build info: version: '4.16.1', revision: '9b4c83354e'
System info: os.name: 'Windows 11', os.arch: 'amd64', os.version: '10.0', java.version: '17.0.10'
Driver info: org.openqa.selenium.chrome.ChromeDriver
Capabilities {acceptInsecureCerts: false, browserName: chrome, browserVersion: 123.0.6312.86, chrome: {chromedriverVersion: 123.0.6312.86 (9b72c47a0536..., userDataDir: C:\Users\aarth\AppData\Loca...}, fedcm:accounts: true, goog:chromeOptions: {debuggerAddress: localhost:50576}, networkConnectionEnabled: false, pageLoadStrategy: normal, platformName: windows, proxy: Proxy(), se:cdp: ws://localhost:50576/devtoo..., se:cdpVersion: 123.0.6312.86, setWindowRect: true, strictFileInteractability: false, timeouts: {implicit: 0, pageLoad: 300000, script: 30000}, unhandledPromptBehavior: dismiss and notify, webauthn:extension:credBlob: true, webauthn:extension:largeBlob: true, webauthn:extension:minPinLength: true, webauthn:extension:prf: true, webauthn:virtualAuthenticators: true}
Session ID: 0a8da07ce77e2275b390ea3f78159067]]>
            </message>
            <full-stacktrace>
              <![CDATA[org.openqa.selenium.TimeoutException: Expected condition failed: waiting for visibility of element located by By.cssSelector: .cartSection h3 (tried for 30 second(s) with 500 milliseconds interval)
Build info: version: '4.16.1', revision: '9b4c83354e'
System info: os.name: 'Windows 11', os.arch: 'amd64', os.version: '10.0', java.version: '17.0.10'
Driver info: org.openqa.selenium.chrome.ChromeDriver
Capabilities {acceptInsecureCerts: false, browserName: chrome, browserVersion: 123.0.6312.86, chrome: {chromedriverVersion: 123.0.6312.86 (9b72c47a0536..., userDataDir: C:\Users\aarth\AppData\Loca...}, fedcm:accounts: true, goog:chromeOptions: {debuggerAddress: localhost:50576}, networkConnectionEnabled: false, pageLoadStrategy: normal, platformName: windows, proxy: Proxy(), se:cdp: ws://localhost:50576/devtoo..., se:cdpVersion: 123.0.6312.86, setWindowRect: true, strictFileInteractability: false, timeouts: {implicit: 0, pageLoad: 300000, script: 30000}, unhandledPromptBehavior: dismiss and notify, webauthn:extension:credBlob: true, webauthn:extension:largeBlob: true, webauthn:extension:minPinLength: true, webauthn:extension:prf: true, webauthn:virtualAuthenticators: true}
Session ID: 0a8da07ce77e2275b390ea3f78159067
at org.openqa.selenium.support.ui.WebDriverWait.timeoutException(WebDriverWait.java:84)
at org.openqa.selenium.support.ui.FluentWait.until(FluentWait.java:229)
at mycourse.AbstractComponents.AbstractComponents.waitForElementToAppear(AbstractComponents.java:35)
at mycourse.pageObjmodel.CartPage.VerifyProductDisplay(CartPage.java:37)
at mycourse.tests.ErrorValidationsTest.ProductErrorValidation(ErrorValidationsTest.java:37)
at java.base/jdk.internal.reflect.NativeMethodAccessorImpl.invoke0(Native Method)
at java.base/jdk.internal.reflect.NativeMethodAccessorImpl.invoke(NativeMethodAccessorImpl.java:77)
at java.base/jdk.internal.reflect.DelegatingMethodAccessorImpl.invoke(DelegatingMethodAccessorImpl.java:43)
at java.base/java.lang.reflect.Method.invoke(Method.java:568)
at org.testng.internal.invokers.MethodInvocationHelper.invokeMethod(MethodInvocationHelper.java:139)
at org.testng.internal.invokers.TestInvoker.invokeMethod(TestInvoker.java:664)
at org.testng.internal.invokers.TestInvoker.invokeTestMethod(TestInvoker.java:228)
at org.testng.internal.invokers.MethodRunner.runInSequence(MethodRunner.java:63)
at org.testng.internal.invokers.TestInvoker$MethodInvocationAgent.invoke(TestInvoker.java:961)
at org.testng.internal.invokers.TestInvoker.invokeTestMethods(TestInvoker.java:201)
at org.testng.internal.invokers.TestMethodWorker.invokeTestMethods(TestMethodWorker.java:148)
at org.testng.internal.invokers.TestMethodWorker.run(TestMethodWorker.java:128)
at java.base/java.util.ArrayList.forEach(ArrayList.java:1511)
at org.testng.TestRunner.privateRun(TestRunner.java:819)
at org.testng.TestRunner.run(TestRunner.java:619)
at org.testng.SuiteRunner.runTest(SuiteRunner.java:443)
at org.testng.SuiteRunner$SuiteWorker.run(SuiteRunner.java:481)
at org.testng.internal.thread.ThreadUtil.lambda$execute$0(ThreadUtil.java:58)
at java.base/java.util.concurrent.FutureTask.run(FutureTask.java:264)
at java.base/java.util.concurrent.ThreadPoolExecutor.runWorker(ThreadPoolExecutor.java:1136)
at java.base/java.util.concurrent.ThreadPoolExecutor$Worker.run(ThreadPoolExecutor.java:635)
at java.base/java.lang.Thread.run(Thread.java:840)
]]>
            </full-stacktrace>
          </exception> <!-- org.openqa.selenium.TimeoutException -->
          <reporter-output>
          </reporter-output>
        </test-method> <!-- ProductErrorValidation -->
        <test-method is-config="true" signature="closeBrowser()[pri:0, instance:mycourse.tests.ErrorValidationsTest@4fad9bb2]" started-at="2024-04-02T20:48:06 IST" name="closeBrowser" finished-at="2024-04-02T20:48:06 IST" duration-ms="168" status="PASS">
          <reporter-output>
          </reporter-output>
        </test-method> <!-- closeBrowser -->
        <test-method is-config="true" signature="launchApplication()[pri:0, instance:mycourse.tests.ErrorValidationsTest@4fad9bb2]" started-at="2024-04-02T20:48:06 IST" name="launchApplication" finished-at="2024-04-02T20:48:08 IST" duration-ms="1630" status="PASS">
          <reporter-output>
          </reporter-output>
        </test-method> <!-- launchApplication -->
        <test-method signature="ProductErrorValidation()[pri:0, instance:mycourse.tests.ErrorValidationsTest@4fad9bb2]" started-at="2024-04-02T20:48:08 IST" name="ProductErrorValidation" finished-at="2024-04-02T20:48:22 IST" duration-ms="13768" status="PASS">
          <reporter-output>
          </reporter-output>
        </test-method> <!-- ProductErrorValidation -->
        <test-method is-config="true" signature="closeBrowser()[pri:0, instance:mycourse.tests.ErrorValidationsTest@4fad9bb2]" started-at="2024-04-02T20:48:22 IST" name="closeBrowser" finished-at="2024-04-02T20:48:22 IST" duration-ms="133" status="PASS">
          <reporter-output>
          </reporter-output>
        </test-method> <!-- closeBrowser -->
      </class> <!-- mycourse.tests.ErrorValidationsTest -->
    </test> <!-- Error Validation Test -->
  </suite> <!-- Suite -->
</testng-results>
